<?xml version="1.0" encoding="UTF-8"?>
<testsuites name="Mocha Tests" time="27.547" tests="62" failures="4">
  <testsuite name="Root Suite" timestamp="2023-02-21T16:12:13" tests="0" file="cypress/e2e/santaAPI.cy.js" time="0.000" failures="0">
  </testsuite>
  <testsuite name="AS-6 Site login &amp; password change" timestamp="2023-02-21T16:12:13" tests="4" time="3.022" failures="0">
    <testcase name="AS-6 Site login &amp; password change login" time="1.581" classname="login">
    </testcase>
    <testcase name="AS-6 Site login &amp; password change password change to new password API" time="0.612" classname="password change to new password API">
    </testcase>
    <testcase name="AS-6 Site login &amp; password change password change to initial password API" time="0.696" classname="password change to initial password API">
    </testcase>
    <testcase name="AS-6 Site login &amp; password change logout" time="0.128" classname="logout">
    </testcase>
  </testsuite>
  <testsuite name="AS-27 Box Creation &amp; AS-28 Box adjustment &amp; AS-29 Delete Box" timestamp="2023-02-21T16:12:16" tests="6" time="2.852" failures="4">
    <testcase name="AS-27 Box Creation &amp; AS-28 Box adjustment &amp; AS-29 Delete Box login" time="0.000" classname="login">
      <failure message="expected 400 to equal 200" type="AssertionError"><![CDATA[AssertionError: expected 400 to equal 200
    at Context.eval (webpack:///./cypress/e2e/santaAPI.cy.js:96:35)

      + expected - actual

      -400
      +200
      ]]></failure>
    </testcase>
    <testcase name="AS-27 Box Creation &amp; AS-28 Box adjustment &amp; AS-29 Delete Box AS-27 Box Creation - Key" time="0.110" classname="AS-27 Box Creation - Key">
    </testcase>
    <testcase name="AS-27 Box Creation &amp; AS-28 Box adjustment &amp; AS-29 Delete Box AS-27 Box Creation" time="0.000" classname="AS-27 Box Creation">
      <failure message="expected 401 to equal 200" type="AssertionError"><![CDATA[AssertionError: expected 401 to equal 200
    at Context.eval (webpack:///./cypress/e2e/santaAPI.cy.js:146:35)

      + expected - actual

      -401
      +200
      ]]></failure>
    </testcase>
    <testcase name="AS-27 Box Creation &amp; AS-28 Box adjustment &amp; AS-29 Delete Box AS-28 Box adjustment" time="0.000" classname="AS-28 Box adjustment">
      <failure message="expected 401 to equal 200" type="AssertionError"><![CDATA[AssertionError: expected 401 to equal 200
    at Context.eval (webpack:///./cypress/e2e/santaAPI.cy.js:183:35)

      + expected - actual

      -401
      +200
      ]]></failure>
    </testcase>
    <testcase name="AS-27 Box Creation &amp; AS-28 Box adjustment &amp; AS-29 Delete Box AS-29 Delete Box" time="0.000" classname="AS-29 Delete Box">
      <failure message="expected 404 to equal 200" type="AssertionError"><![CDATA[AssertionError: expected 404 to equal 200
    at Context.eval (webpack:///./cypress/e2e/santaAPI.cy.js:200:35)

      + expected - actual

      -404
      +200
      ]]></failure>
    </testcase>
    <testcase name="AS-27 Box Creation &amp; AS-28 Box adjustment &amp; AS-29 Delete Box logout" time="0.188" classname="logout">
    </testcase>
  </testsuite>
  <testsuite name="AS-30 Create Box Name (backspace 1 symbol)" timestamp="2023-02-21T16:12:19" tests="4" time="2.024" failures="0">
    <testcase name="AS-30 Create Box Name (backspace 1 symbol) login" time="1.633" classname="login">
    </testcase>
    <testcase name="AS-30 Create Box Name (backspace 1 symbol) AS-27 Box Creation - Key" time="0.131" classname="AS-27 Box Creation - Key">
    </testcase>
    <testcase name="AS-30 Create Box Name (backspace 1 symbol) AS-27 Box Creation" time="0.145" classname="AS-27 Box Creation">
    </testcase>
    <testcase name="AS-30 Create Box Name (backspace 1 symbol) logout" time="0.104" classname="logout">
    </testcase>
  </testsuite>
  <testsuite name="AS-32 Create Box (name - alphanumeric and backspace)" timestamp="2023-02-21T16:12:21" tests="4" time="1.403" failures="0">
    <testcase name="AS-32 Create Box (name - alphanumeric and backspace) login" time="1.022" classname="login">
    </testcase>
    <testcase name="AS-32 Create Box (name - alphanumeric and backspace) AS-27 Box Creation - Key" time="0.138" classname="AS-27 Box Creation - Key">
    </testcase>
    <testcase name="AS-32 Create Box (name - alphanumeric and backspace) AS-27 Box Creation" time="0.130" classname="AS-27 Box Creation">
    </testcase>
    <testcase name="AS-32 Create Box (name - alphanumeric and backspace) logout" time="0.109" classname="logout">
    </testcase>
  </testsuite>
  <testsuite name="AS-33 Create Box Name (special symbols)" timestamp="2023-02-21T16:12:22" tests="4" time="1.357" failures="0">
    <testcase name="AS-33 Create Box Name (special symbols) login" time="0.928" classname="login">
    </testcase>
    <testcase name="AS-33 Create Box Name (special symbols) AS-27 Box Creation - Key" time="0.143" classname="AS-27 Box Creation - Key">
    </testcase>
    <testcase name="AS-33 Create Box Name (special symbols) AS-27 Box Creation" time="0.145" classname="AS-27 Box Creation">
    </testcase>
    <testcase name="AS-33 Create Box Name (special symbols) logout" time="0.135" classname="logout">
    </testcase>
  </testsuite>
  <testsuite name="AS-22 Create box (name - special symbols without quotes)" timestamp="2023-02-21T16:12:24" tests="4" time="1.942" failures="0">
    <testcase name="AS-22 Create box (name - special symbols without quotes) login" time="1.028" classname="login">
    </testcase>
    <testcase name="AS-22 Create box (name - special symbols without quotes) AS-27 Box Creation - Key" time="0.133" classname="AS-27 Box Creation - Key">
    </testcase>
    <testcase name="AS-22 Create box (name - special symbols without quotes) AS-27 Box Creation" time="0.369" classname="AS-27 Box Creation">
    </testcase>
    <testcase name="AS-22 Create box (name - special symbols without quotes) logout" time="0.402" classname="logout">
    </testcase>
  </testsuite>
  <testsuite name="AS-9 Login (correct login &amp; no password)" timestamp="2023-02-21T16:12:26" tests="1" time="0.080" failures="0">
    <testcase name="AS-9 Login (correct login &amp; no password) no login &amp; correct password" time="0.074" classname="no login &amp; correct password">
    </testcase>
  </testsuite>
  <testsuite name="AS-11 Login (correct login &amp; incorrect password)" timestamp="2023-02-21T16:12:26" tests="1" time="1.854" failures="0">
    <testcase name="AS-11 Login (correct login &amp; incorrect password) no login &amp; correct password" time="1.854" classname="no login &amp; correct password">
    </testcase>
  </testsuite>
  <testsuite name="AS-12 Login (no login &amp; correct password)" timestamp="2023-02-21T16:12:28" tests="1" time="0.068" failures="0">
    <testcase name="AS-12 Login (no login &amp; correct password) no login &amp; correct password" time="0.066" classname="no login &amp; correct password">
    </testcase>
  </testsuite>
  <testsuite name="AS-15 Login (no login &amp; no password)" timestamp="2023-02-21T16:12:28" tests="1" time="0.069" failures="0">
    <testcase name="AS-15 Login (no login &amp; no password) no login &amp; no password" time="0.065" classname="no login &amp; no password">
    </testcase>
  </testsuite>
  <testsuite name="AS-16 Login (incorrect login &amp; correct password)" timestamp="2023-02-21T16:12:28" tests="1" time="0.582" failures="0">
    <testcase name="AS-16 Login (incorrect login &amp; correct password) incorrect login &amp; correct password" time="0.583" classname="incorrect login &amp; correct password">
    </testcase>
  </testsuite>
  <testsuite name="AS-17 Create box (no key)" timestamp="2023-02-21T16:12:28" tests="3" time="1.370" failures="0">
    <testcase name="AS-17 Create box (no key) login" time="1.041" classname="login">
    </testcase>
    <testcase name="AS-17 Create box (no key) AS-27 Box Creation" time="0.161" classname="AS-27 Box Creation">
    </testcase>
    <testcase name="AS-17 Create box (no key) logout" time="0.157" classname="logout">
    </testcase>
  </testsuite>
  <testsuite name="AS-18 Create box (no name)" timestamp="2023-02-21T16:12:30" tests="4" time="1.429" failures="0">
    <testcase name="AS-18 Create box (no name) login" time="1.024" classname="login">
    </testcase>
    <testcase name="AS-18 Create box (no name) AS-27 Box Creation - Key" time="0.140" classname="AS-27 Box Creation - Key">
    </testcase>
    <testcase name="AS-18 Create box (no name) AS-27 Box Creation" time="0.117" classname="AS-27 Box Creation">
    </testcase>
    <testcase name="AS-18 Create box (no name) logout" time="0.145" classname="logout">
    </testcase>
  </testsuite>
  <testsuite name="AS-19 Create box (no key &amp; no name)" timestamp="2023-02-21T16:12:31" tests="4" time="1.693" failures="0">
    <testcase name="AS-19 Create box (no key &amp; no name) login" time="1.216" classname="login">
    </testcase>
    <testcase name="AS-19 Create box (no key &amp; no name) AS-27 Box Creation - Key" time="0.132" classname="AS-27 Box Creation - Key">
    </testcase>
    <testcase name="AS-19 Create box (no key &amp; no name) AS-27 Box Creation" time="0.142" classname="AS-27 Box Creation">
    </testcase>
    <testcase name="AS-19 Create box (no key &amp; no name) logout" time="0.191" classname="logout">
    </testcase>
  </testsuite>
  <testsuite name="AS-20 Create Box (name &gt; 256)" timestamp="2023-02-21T16:12:33" tests="4" time="1.474" failures="0">
    <testcase name="AS-20 Create Box (name &gt; 256) login" time="1.050" classname="login">
    </testcase>
    <testcase name="AS-20 Create Box (name &gt; 256) AS-27 Box Creation - Key" time="0.137" classname="AS-27 Box Creation - Key">
    </testcase>
    <testcase name="AS-20 Create Box (name &gt; 256) AS-27 Box Creation" time="0.137" classname="AS-27 Box Creation">
    </testcase>
    <testcase name="AS-20 Create Box (name &gt; 256) logout" time="0.144" classname="logout">
    </testcase>
  </testsuite>
  <testsuite name="AS-21 Create Box (key &gt; 64)" timestamp="2023-02-21T16:12:34" tests="4" time="1.501" failures="0">
    <testcase name="AS-21 Create Box (key &gt; 64) login" time="1.116" classname="login">
    </testcase>
    <testcase name="AS-21 Create Box (key &gt; 64) AS-27 Box Creation - Key" time="0.128" classname="AS-27 Box Creation - Key">
    </testcase>
    <testcase name="AS-21 Create Box (key &gt; 64) AS-27 Box Creation" time="0.137" classname="AS-27 Box Creation">
    </testcase>
    <testcase name="AS-21 Create Box (key &gt; 64) logout" time="0.111" classname="logout">
    </testcase>
  </testsuite>
  <testsuite name="AS-23 Create box (key - special symbols withoud quotes)" timestamp="2023-02-21T16:12:36" tests="4" time="1.379" failures="0">
    <testcase name="AS-23 Create box (key - special symbols withoud quotes) login" time="0.986" classname="login">
    </testcase>
    <testcase name="AS-23 Create box (key - special symbols withoud quotes) AS-27 Box Creation - Key" time="0.131" classname="AS-27 Box Creation - Key">
    </testcase>
    <testcase name="AS-23 Create box (key - special symbols withoud quotes) AS-27 Box Creation" time="0.134" classname="AS-27 Box Creation">
    </testcase>
    <testcase name="AS-23 Create box (key - special symbols withoud quotes) logout" time="0.111" classname="logout">
    </testcase>
  </testsuite>
  <testsuite name="AS-24 Create Box (key - alphanumeric and backspace)" timestamp="2023-02-21T16:12:37" tests="4" time="1.374" failures="0">
    <testcase name="AS-24 Create Box (key - alphanumeric and backspace) login" time="0.971" classname="login">
    </testcase>
    <testcase name="AS-24 Create Box (key - alphanumeric and backspace) AS-27 Box Creation - Key" time="0.133" classname="AS-27 Box Creation - Key">
    </testcase>
    <testcase name="AS-24 Create Box (key - alphanumeric and backspace) AS-27 Box Creation" time="0.134" classname="AS-27 Box Creation">
    </testcase>
    <testcase name="AS-24 Create Box (key - alphanumeric and backspace) logout" time="0.128" classname="logout">
    </testcase>
  </testsuite>
  <testsuite name="AS-31 Create Box (key - with backspases)" timestamp="2023-02-21T16:12:39" tests="4" time="2.040" failures="0">
    <testcase name="AS-31 Create Box (key - with backspases) login" time="1.601" classname="login">
    </testcase>
    <testcase name="AS-31 Create Box (key - with backspases) AS-27 Box Creation - Key" time="0.136" classname="AS-27 Box Creation - Key">
    </testcase>
    <testcase name="AS-31 Create Box (key - with backspases) AS-27 Box Creation" time="0.144" classname="AS-27 Box Creation">
    </testcase>
    <testcase name="AS-31 Create Box (key - with backspases) logout" time="0.141" classname="logout">
    </testcase>
  </testsuite>
</testsuites>